Thu 29 Oct 16:35:53 GMT 2020: Added "test.txt"
Thu 29 Oct 16:36:09 GMT 2020: file "test.txt" has been checked out
Thu 29 Oct 16:36:26 GMT 2020: checked in "test.txt"
Fri 30 Oct 10:57:09 GMT 2020: Edited "test.txt"
Fri 30 Oct 10:57:14 GMT 2020: Edited "test.txt"
Fri 30 Oct 19:28:14 GMT 2020: Added "abc"
Fri 30 Oct 19:28:25 GMT 2020: file "abc" has been checked out
Fri 30 Oct 19:31:21 GMT 2020: file "abc" has been checked out
Fri 30 Oct 19:33:45 GMT 2020: file "abc" has been checked out
Fri 30 Oct 19:47:55 GMT 2020: Edited "abc"
Fri 30 Oct 19:48:14 GMT 2020: Edited "abc"
Fri 30 Oct 19:53:18 GMT 2020: Edited "abc"
Sat 31 Oct 15:14:48 GMT 2020: Edited "abc"
Sat 31 Oct 15:14:55 GMT 2020: Edited "abc"
Sat 31 Oct 15:18:37 GMT 2020: Edited "abc"
Sat 31 Oct 15:18:43 GMT 2020: Edited "abc"
Sat 31 Oct 15:18:46 GMT 2020: Edited "abc"
Sun  1 Nov 12:49:36 GMT 2020: Added "def"
Sun  1 Nov 12:52:09 GMT 2020: file "def" has been checked out
Sun 1 Nov 12:52:33 GMT 2020: checked in "def"
Sun  1 Nov 12:54:09 GMT 2020: file "def" has been checked out
Sun 1 Nov 12:54:16 GMT 2020: checked in "def"
Sun  1 Nov 12:56:04 GMT 2020: Edited "def"
Sun  1 Nov 12:56:08 GMT 2020: Edited "def"
Sun  1 Nov 12:57:40 GMT 2020: Edited "def"
Sun  1 Nov 12:58:05 GMT 2020: Edited "def"
